# JRE version: OpenJDK Runtime Environment (8.0_242-b01) (build 1.8.0_242-release-1644-b01)
# Java VM: OpenJDK 64-Bit Server VM (25.242-b01 mixed mode windows-amd64 compressed oops)
Heap:
 PSYoungGen      total 75264K, used 48404K [0x00000000d5580000, 0x00000000dd280000, 0x0000000100000000)
  eden space 64512K, 66% used [0x00000000d5580000,0x00000000d7fa89c0,0x00000000d9480000)
  from space 10752K, 48% used [0x00000000da000000,0x00000000da51c800,0x00000000daa80000)
  to   space 11776K, 0% used [0x00000000d9480000,0x00000000d9480000,0x00000000da000000)
 ParOldGen       total 78848K, used 14438K [0x0000000080000000, 0x0000000084d00000, 0x00000000d5580000)
  object space 78848K, 18% used [0x0000000080000000,0x0000000080e198a0,0x0000000084d00000)
 Metaspace       used 39503K, capacity 41320K, committed 41432K, reserved 1085440K
  class space    used 5455K, capacity 5834K, committed 5888K, reserved 1048576K
GC Heap History (10 events):
Event: 19.521 GC heap before
{Heap before GC invocations=6 (full 1):
 PSYoungGen      total 76288K, used 65536K [0x00000000d5580000, 0x00000000daa80000, 0x0000000100000000)
  eden space 65536K, 100% used [0x00000000d5580000,0x00000000d9580000,0x00000000d9580000)
  from space 10752K, 0% used [0x00000000da000000,0x00000000da000000,0x00000000daa80000)
  to   space 10752K, 0% used [0x00000000d9580000,0x00000000d9580000,0x00000000da000000)
 ParOldGen       total 78848K, used 7097K [0x0000000080000000, 0x0000000084d00000, 0x00000000d5580000)
  object space 78848K, 9% used [0x0000000080000000,0x00000000806ee7e0,0x0000000084d00000)
 Metaspace       used 28454K, capacity 29304K, committed 29568K, reserved 1075200K
  class space    used 3936K, capacity 4186K, committed 4224K, reserved 1048576K
Event: 19.525 GC heap after
Heap after GC invocations=6 (full 1):
 PSYoungGen      total 76288K, used 8168K [0x00000000d5580000, 0x00000000daa80000, 0x0000000100000000)
  eden space 65536K, 0% used [0x00000000d5580000,0x00000000d5580000,0x00000000d9580000)
  from space 10752K, 75% used [0x00000000d9580000,0x00000000d9d7a3c8,0x00000000da000000)
  to   space 10752K, 0% used [0x00000000da000000,0x00000000da000000,0x00000000daa80000)
 ParOldGen       total 78848K, used 7105K [0x0000000080000000, 0x0000000084d00000, 0x00000000d5580000)
  object space 78848K, 9% used [0x0000000080000000,0x00000000806f07e0,0x0000000084d00000)
 Metaspace       used 28454K, capacity 29304K, committed 29568K, reserved 1075200K
  class space    used 3936K, capacity 4186K, committed 4224K, reserved 1048576K
}
Event: 20.249 GC heap before
{Heap before GC invocations=7 (full 1):
 PSYoungGen      total 76288K, used 73704K [0x00000000d5580000, 0x00000000daa80000, 0x0000000100000000)
  eden space 65536K, 100% used [0x00000000d5580000,0x00000000d9580000,0x00000000d9580000)
  from space 10752K, 75% used [0x00000000d9580000,0x00000000d9d7a3c8,0x00000000da000000)
  to   space 10752K, 0% used [0x00000000da000000,0x00000000da000000,0x00000000daa80000)
 ParOldGen       total 78848K, used 7105K [0x0000000080000000, 0x0000000084d00000, 0x00000000d5580000)
  object space 78848K, 9% used [0x0000000080000000,0x00000000806f07e0,0x0000000084d00000)
 Metaspace       used 32785K, capacity 33872K, committed 34048K, reserved 1079296K
  class space    used 4478K, capacity 4754K, committed 4864K, reserved 1048576K
Event: 20.256 GC heap after
Heap after GC invocations=7 (full 1):
 PSYoungGen      total 76288K, used 9320K [0x00000000d5580000, 0x00000000daa80000, 0x0000000100000000)
  eden space 65536K, 0% used [0x00000000d5580000,0x00000000d5580000,0x00000000d9580000)
  from space 10752K, 86% used [0x00000000da000000,0x00000000da91a1d8,0x00000000daa80000)
  to   space 10752K, 0% used [0x00000000d9580000,0x00000000d9580000,0x00000000da000000)
 ParOldGen       total 78848K, used 7113K [0x0000000080000000, 0x0000000084d00000, 0x00000000d5580000)
  object space 78848K, 9% used [0x0000000080000000,0x00000000806f27e0,0x0000000084d00000)
 Metaspace       used 32785K, capacity 33872K, committed 34048K, reserved 1079296K
  class space    used 4478K, capacity 4754K, committed 4864K, reserved 1048576K
}
Event: 20.453 GC heap before
{Heap before GC invocations=8 (full 1):
 PSYoungGen      total 76288K, used 37738K [0x00000000d5580000, 0x00000000daa80000, 0x0000000100000000)
  eden space 65536K, 43% used [0x00000000d5580000,0x00000000d7140840,0x00000000d9580000)
  from space 10752K, 86% used [0x00000000da000000,0x00000000da91a1d8,0x00000000daa80000)
  to   space 10752K, 0% used [0x00000000d9580000,0x00000000d9580000,0x00000000da000000)
 ParOldGen       total 78848K, used 7113K [0x0000000080000000, 0x0000000084d00000, 0x00000000d5580000)
  object space 78848K, 9% used [0x0000000080000000,0x00000000806f27e0,0x0000000084d00000)
 Metaspace       used 34208K, capacity 35392K, committed 35416K, reserved 1079296K
  class space    used 4706K, capacity 4973K, committed 4992K, reserved 1048576K
Event: 20.459 GC heap after
Heap after GC invocations=8 (full 1):
 PSYoungGen      total 76288K, used 8072K [0x00000000d5580000, 0x00000000daa80000, 0x0000000100000000)
  eden space 65536K, 0% used [0x00000000d5580000,0x00000000d5580000,0x00000000d9580000)
  from space 10752K, 75% used [0x00000000d9580000,0x00000000d9d62358,0x00000000da000000)
  to   space 10752K, 0% used [0x00000000da000000,0x00000000da000000,0x00000000daa80000)
 ParOldGen       total 78848K, used 7121K [0x0000000080000000, 0x0000000084d00000, 0x00000000d5580000)
  object space 78848K, 9% used [0x0000000080000000,0x00000000806f47e0,0x0000000084d00000)
 Metaspace       used 34208K, capacity 35392K, committed 35416K, reserved 1079296K
  class space    used 4706K, capacity 4973K, committed 4992K, reserved 1048576K
}
Event: 20.459 GC heap before
{Heap before GC invocations=9 (full 2):
 PSYoungGen      total 76288K, used 8072K [0x00000000d5580000, 0x00000000daa80000, 0x0000000100000000)
  eden space 65536K, 0% used [0x00000000d5580000,0x00000000d5580000,0x00000000d9580000)
  from space 10752K, 75% used [0x00000000d9580000,0x00000000d9d62358,0x00000000da000000)
  to   space 10752K, 0% used [0x00000000da000000,0x00000000da000000,0x00000000daa80000)
 ParOldGen       total 78848K, used 7121K [0x0000000080000000, 0x0000000084d00000, 0x00000000d5580000)
  object space 78848K, 9% used [0x0000000080000000,0x00000000806f47e0,0x0000000084d00000)
 Metaspace       used 34208K, capacity 35392K, committed 35416K, reserved 1079296K
  class space    used 4706K, capacity 4973K, committed 4992K, reserved 1048576K
Event: 20.501 GC heap after
Heap after GC invocations=9 (full 2):
 PSYoungGen      total 76288K, used 0K [0x00000000d5580000, 0x00000000daa80000, 0x0000000100000000)
  eden space 65536K, 0% used [0x00000000d5580000,0x00000000d5580000,0x00000000d9580000)
  from space 10752K, 0% used [0x00000000d9580000,0x00000000d9580000,0x00000000da000000)
  to   space 10752K, 0% used [0x00000000da000000,0x00000000da000000,0x00000000daa80000)
 ParOldGen       total 78848K, used 14430K [0x0000000080000000, 0x0000000084d00000, 0x00000000d5580000)
  object space 78848K, 18% used [0x0000000080000000,0x0000000080e178a0,0x0000000084d00000)
 Metaspace       used 34208K, capacity 35392K, committed 35416K, reserved 1079296K
  class space    used 4706K, capacity 4973K, committed 4992K, reserved 1048576K
}
Event: 26.876 GC heap before
{Heap before GC invocations=10 (full 2):
 PSYoungGen      total 76288K, used 65536K [0x00000000d5580000, 0x00000000daa80000, 0x0000000100000000)
  eden space 65536K, 100% used [0x00000000d5580000,0x00000000d9580000,0x00000000d9580000)
  from space 10752K, 0% used [0x00000000d9580000,0x00000000d9580000,0x00000000da000000)
  to   space 10752K, 0% used [0x00000000da000000,0x00000000da000000,0x00000000daa80000)
 ParOldGen       total 78848K, used 14430K [0x0000000080000000, 0x0000000084d00000, 0x00000000d5580000)
  object space 78848K, 18% used [0x0000000080000000,0x0000000080e178a0,0x0000000084d00000)
 Metaspace       used 36327K, capacity 37928K, committed 38104K, reserved 1081344K
  class space    used 4994K, capacity 5313K, committed 5376K, reserved 1048576K
Event: 26.880 GC heap after
Heap after GC invocations=10 (full 2):
 PSYoungGen      total 75264K, used 5234K [0x00000000d5580000, 0x00000000dd280000, 0x0000000100000000)
  eden space 64512K, 0% used [0x00000000d5580000,0x00000000d5580000,0x00000000d9480000)
  from space 10752K, 48% used [0x00000000da000000,0x00000000da51c800,0x00000000daa80000)
  to   space 11776K, 0% used [0x00000000d9480000,0x00000000d9480000,0x00000000da000000)
 ParOldGen       total 78848K, used 14438K [0x0000000080000000, 0x0000000084d00000, 0x00000000d5580000)
  object space 78848K, 18% used [0x0000000080000000,0x0000000080e198a0,0x0000000084d00000)
 Metaspace       used 36327K, capacity 37928K, committed 38104K, reserved 1081344K
  class space    used 4994K, capacity 5313K, committed 5376K, reserved 1048576K
}

